<?xml version="1.0" encoding="UTF-8"?>
<testsuite xmlns:xsi="http://www.w3.org/2001/XMLSchema-instance" xsi:noNamespaceSchemaLocation="https://maven.apache.org/surefire/maven-surefire-plugin/xsd/surefire-test-report-3.0.xsd" version="3.0" name="memstore.table.TableLoadTest" time="0.025" tests="2" errors="0" skipped="0" failures="0">
  <properties>
[...]
</properties>
  <testcase name="testLoadRandom" classname="memstore.table.TableLoadTest" time="0.025"/>
  <testcase name="testLoadCSV" classname="memstore.table.TableLoadTest" time="0.012"/>
</testsuite>